<?xml version="1.0" encoding="UTF-8"?>
<!-- Generated by org.testng.reporters.JUnitReportReporter -->
<testsuite hostname="Confiz-6090" failures="0" tests="6" name="automationtest.test.LoginTestCases" time="16.532" errors="0" timestamp="2022-05-16T17:42:11 PKT" skipped="0">
  <testcase classname="automationtest.test.LoginTestCases" name="successfullUserLogin" time="3.429"/>
  <system-out/>
  <testcase classname="automationtest.test.LoginTestCases" name="Inventory" time="3.160"/>
  <system-out/>
  <testcase classname="automationtest.test.LoginTestCases" name="Cart" time="3.152"/>
  <system-out/>
  <testcase classname="automationtest.test.LoginTestCases" name="Checkout1" time="3.497"/>
  <system-out/>
  <testcase classname="automationtest.test.LoginTestCases" name="Checkout2" time="3.239"/>
  <system-out/>
  <testcase classname="automationtest.test.LoginTestCases" name="Checkout3" time="0.055"/>
  <system-out/>
</testsuite> <!-- automationtest.test.LoginTestCases -->
